<?xml version="1.0" encoding="UTF-8"?>
<testsuite name="ottl.hijava.HiJavaApplicationTests" tests="1" skipped="0" failures="0" errors="0" timestamp="2021-01-20T07:00:45" hostname="DESKTOP-NJDPA74" time="0.462">
  <properties/>
  <testcase name="contextLoads()" classname="ottl.hijava.HiJavaApplicationTests" time="0.462"/>
  <system-out><![CDATA[16:00:41.749 [Test worker] DEBUG org.springframework.test.context.BootstrapUtils - Instantiating CacheAwareContextLoaderDelegate from class [org.springframework.test.context.cache.DefaultCacheAwareContextLoaderDelegate]
16:00:41.769 [Test worker] DEBUG org.springframework.test.context.BootstrapUtils - Instantiating BootstrapContext using constructor [public org.springframework.test.context.support.DefaultBootstrapContext(java.lang.Class,org.springframework.test.context.CacheAwareContextLoaderDelegate)]
16:00:41.815 [Test worker] DEBUG org.springframework.test.context.BootstrapUtils - Instantiating TestContextBootstrapper for test class [ottl.hijava.HiJavaApplicationTests] from class [org.springframework.boot.test.context.SpringBootTestContextBootstrapper]
16:00:41.832 [Test worker] INFO org.springframework.boot.test.context.SpringBootTestContextBootstrapper - Neither @ContextConfiguration nor @ContextHierarchy found for test class [ottl.hijava.HiJavaApplicationTests], using SpringBootContextLoader
16:00:41.838 [Test worker] DEBUG org.springframework.test.context.support.AbstractContextLoader - Did not detect default resource location for test class [ottl.hijava.HiJavaApplicationTests]: class path resource [ottl/hijava/HiJavaApplicationTests-context.xml] does not exist
16:00:41.839 [Test worker] DEBUG org.springframework.test.context.support.AbstractContextLoader - Did not detect default resource location for test class [ottl.hijava.HiJavaApplicationTests]: class path resource [ottl/hijava/HiJavaApplicationTestsContext.groovy] does not exist
16:00:41.839 [Test worker] INFO org.springframework.test.context.support.AbstractContextLoader - Could not detect default resource locations for test class [ottl.hijava.HiJavaApplicationTests]: no resource found for suffixes {-context.xml, Context.groovy}.
16:00:41.840 [Test worker] INFO org.springframework.test.context.support.AnnotationConfigContextLoaderUtils - Could not detect default configuration classes for test class [ottl.hijava.HiJavaApplicationTests]: HiJavaApplicationTests does not declare any static, non-private, non-final, nested classes annotated with @Configuration.
16:00:41.909 [Test worker] DEBUG org.springframework.test.context.support.ActiveProfilesUtils - Could not find an 'annotation declaring class' for annotation type [org.springframework.test.context.ActiveProfiles] and class [ottl.hijava.HiJavaApplicationTests]
16:00:42.010 [Test worker] DEBUG org.springframework.context.annotation.ClassPathScanningCandidateComponentProvider - Identified candidate component class: file [C:\Users\a\Desktop\spring\hi-java\build\classes\java\main\ottl\hijava\HiJavaApplication.class]
16:00:42.012 [Test worker] INFO org.springframework.boot.test.context.SpringBootTestContextBootstrapper - Found @SpringBootConfiguration ottl.hijava.HiJavaApplication for test class ottl.hijava.HiJavaApplicationTests
16:00:42.188 [Test worker] DEBUG org.springframework.boot.test.context.SpringBootTestContextBootstrapper - @TestExecutionListeners is not present for class [ottl.hijava.HiJavaApplicationTests]: using defaults.
16:00:42.190 [Test worker] INFO org.springframework.boot.test.context.SpringBootTestContextBootstrapper - Loaded default TestExecutionListener class names from location [META-INF/spring.factories]: [org.springframework.boot.test.autoconfigure.restdocs.RestDocsTestExecutionListener, org.springframework.boot.test.autoconfigure.web.client.MockRestServiceServerResetTestExecutionListener, org.springframework.boot.test.autoconfigure.web.servlet.MockMvcPrintOnlyOnFailureTestExecutionListener, org.springframework.boot.test.autoconfigure.web.servlet.WebDriverTestExecutionListener, org.springframework.boot.test.autoconfigure.webservices.client.MockWebServiceServerTestExecutionListener, org.springframework.boot.test.mock.mockito.MockitoTestExecutionListener, org.springframework.boot.test.mock.mockito.ResetMocksTestExecutionListener, org.springframework.test.context.web.ServletTestExecutionListener, org.springframework.test.context.support.DirtiesContextBeforeModesTestExecutionListener, org.springframework.test.context.support.DependencyInjectionTestExecutionListener, org.springframework.test.context.support.DirtiesContextTestExecutionListener, org.springframework.test.context.transaction.TransactionalTestExecutionListener, org.springframework.test.context.jdbc.SqlScriptsTestExecutionListener, org.springframework.test.context.event.EventPublishingTestExecutionListener]
16:00:42.212 [Test worker] DEBUG org.springframework.boot.test.context.SpringBootTestContextBootstrapper - Skipping candidate TestExecutionListener [org.springframework.test.context.transaction.TransactionalTestExecutionListener] due to a missing dependency. Specify custom listener classes or make the default listener classes and their required dependencies available. Offending class: [org/springframework/transaction/interceptor/TransactionAttributeSource]
16:00:42.212 [Test worker] DEBUG org.springframework.boot.test.context.SpringBootTestContextBootstrapper - Skipping candidate TestExecutionListener [org.springframework.test.context.jdbc.SqlScriptsTestExecutionListener] due to a missing dependency. Specify custom listener classes or make the default listener classes and their required dependencies available. Offending class: [org/springframework/transaction/interceptor/TransactionAttribute]
16:00:42.213 [Test worker] INFO org.springframework.boot.test.context.SpringBootTestContextBootstrapper - Using TestExecutionListeners: [org.springframework.test.context.web.ServletTestExecutionListener@bc53eb0, org.springframework.test.context.support.DirtiesContextBeforeModesTestExecutionListener@38067cf4, org.springframework.boot.test.mock.mockito.MockitoTestExecutionListener@3a161eb9, org.springframework.boot.test.autoconfigure.SpringBootDependencyInjectionTestExecutionListener@1f6cd871, org.springframework.test.context.support.DirtiesContextTestExecutionListener@3dfe5592, org.springframework.test.context.event.EventPublishingTestExecutionListener@36947f05, org.springframework.boot.test.autoconfigure.restdocs.RestDocsTestExecutionListener@3c7d4cb8, org.springframework.boot.test.autoconfigure.web.client.MockRestServiceServerResetTestExecutionListener@45abb416, org.springframework.boot.test.autoconfigure.web.servlet.MockMvcPrintOnlyOnFailureTestExecutionListener@ab62bf4, org.springframework.boot.test.autoconfigure.web.servlet.WebDriverTestExecutionListener@1f4f11f0, org.springframework.boot.test.autoconfigure.webservices.client.MockWebServiceServerTestExecutionListener@4981962d, org.springframework.boot.test.mock.mockito.ResetMocksTestExecutionListener@5192900f]
16:00:42.220 [Test worker] DEBUG org.springframework.test.context.support.AbstractDirtiesContextTestExecutionListener - Before test class: context [DefaultTestContext@1e5cbdb9 testClass = HiJavaApplicationTests, testInstance = [null], testMethod = [null], testException = [null], mergedContextConfiguration = [WebMergedContextConfiguration@2ac3dd96 testClass = HiJavaApplicationTests, locations = '{}', classes = '{class ottl.hijava.HiJavaApplication}', contextInitializerClasses = '[]', activeProfiles = '{}', propertySourceLocations = '{}', propertySourceProperties = '{org.springframework.boot.test.context.SpringBootTestContextBootstrapper=true}', contextCustomizers = set[org.springframework.boot.test.autoconfigure.actuate.metrics.MetricsExportContextCustomizerFactory$DisableMetricExportContextCustomizer@4553eb5c, org.springframework.boot.test.autoconfigure.properties.PropertyMappingContextCustomizer@0, org.springframework.boot.test.autoconfigure.web.servlet.WebDriverContextCustomizerFactory$Customizer@43ee8f8f, org.springframework.boot.test.context.filter.ExcludeFilterContextCustomizer@6902d639, org.springframework.boot.test.json.DuplicateJsonObjectContextCustomizerFactory$DuplicateJsonObjectContextCustomizer@4c89feb6, org.springframework.boot.test.mock.mockito.MockitoContextCustomizer@0, org.springframework.boot.test.web.client.TestRestTemplateContextCustomizer@21769c80, org.springframework.boot.test.context.SpringBootTestArgs@1, org.springframework.boot.test.context.SpringBootTestWebEnvironment@578e687f], resourceBasePath = 'src/main/webapp', contextLoader = 'org.springframework.boot.test.context.SpringBootContextLoader', parent = [null]], attributes = map['org.springframework.test.context.web.ServletTestExecutionListener.activateListener' -> true]], class annotated with @DirtiesContext [false] with mode [null].
16:00:42.280 [Test worker] DEBUG org.springframework.test.context.support.TestPropertySourceUtils - Adding inlined properties to environment: {spring.jmx.enabled=false, org.springframework.boot.test.context.SpringBootTestContextBootstrapper=true}

  .   ____          _            __ _ _
 /\\ / ___'_ __ _ _(_)_ __  __ _ \ \ \ \
( ( )\___ | '_ | '_| | '_ \/ _` | \ \ \ \
 \\/  ___)| |_)| | | | | || (_| |  ) ) ) )
  '  |____| .__|_| |_|_| |_\__, | / / / /
 =========|_|==============|___/=/_/_/_/
 :: Spring Boot ::                (v2.4.1)

2021-01-20 16:00:42.678  INFO 3940 --- [    Test worker] ottl.hijava.HiJavaApplicationTests       : Starting HiJavaApplicationTests using Java 11.0.9 on DESKTOP-NJDPA74 with PID 3940 (started by a in C:\Users\a\Desktop\spring\hi-java)
2021-01-20 16:00:42.683  INFO 3940 --- [    Test worker] ottl.hijava.HiJavaApplicationTests       : No active profile set, falling back to default profiles: default
2021-01-20 16:00:44.665  INFO 3940 --- [    Test worker] o.s.s.concurrent.ThreadPoolTaskExecutor  : Initializing ExecutorService 'applicationTaskExecutor'
2021-01-20 16:00:44.830  INFO 3940 --- [    Test worker] o.s.b.a.w.s.WelcomePageHandlerMapping    : Adding welcome page: class path resource [static/index.html]
2021-01-20 16:00:45.217  INFO 3940 --- [    Test worker] ottl.hijava.HiJavaApplicationTests       : Started HiJavaApplicationTests in 2.926 seconds (JVM running for 5.788)
]]></system-out>
  <system-err><![CDATA[]]></system-err>
</testsuite>
